<?xml version="1.0" encoding="UTF-8"?>
<!-- Generated by org.testng.reporters.JUnitReportReporter -->
<testsuite hostname="Saurabh-PC" failures="0" tests="1" name="BarcodeAutomation.test.BarcodeAutomation" time="39.708" errors="0" timestamp="21 Oct 2018 16:24:15 GMT" skipped="0">
  <testcase classname="BarcodeAutomation.test.BarcodeAutomation" name="Barcode" time="39.708"/>
</testsuite> <!-- BarcodeAutomation.test.BarcodeAutomation -->
